have_func: checking for rb_enc_raise() in ruby.h... -------------------- yes

DYLD_FALLBACK_LIBRARY_PATH=.:/nix/store/a2kxsrdnn6927wg8ycmdnx437ck90bil-ruby-3.1.4/lib "clang -o conftest -I/nix/store/a2kxsrdnn6927wg8ycmdnx437ck90bil-ruby-3.1.4/include/ruby-3.1.0/arm64-darwin22 -I/nix/store/a2kxsrdnn6927wg8ycmdnx437ck90bil-ruby-3.1.4/include/ruby-3.1.0/ruby/backward -I/nix/store/a2kxsrdnn6927wg8ycmdnx437ck90bil-ruby-3.1.4/include/ruby-3.1.0 -I. -D_XOPEN_SOURCE -D_DARWIN_C_SOURCE -D_DARWIN_UNLIMITED_SELECT -D_REENTRANT   -fdeclspec -O3 -fno-fast-math -ggdb3 -Wall -Wextra -Wdeprecated-declarations -Wdivision-by-zero -Wimplicit-function-declaration -Wimplicit-int -Wmisleading-indentation -Wpointer-arith -Wshorten-64-to-32 -Wwrite-strings -Wold-style-definition -Wmissing-noreturn -Wno-constant-logical-operand -Wno-long-long -Wno-missing-field-initializers -Wno-overlength-strings -Wno-parentheses-equality -Wno-self-assign -Wno-tautological-compare -Wno-unused-parameter -Wno-unused-value -Wunused-variable -Wextra-tokens -Wundef  -fno-common -pipe conftest.c  -L. -L/nix/store/a2kxsrdnn6927wg8ycmdnx437ck90bil-ruby-3.1.4/lib -L. -fstack-protector-strong -L/nix/store/4ab7j0xym2w515ggmv1dcxwqc6aa75zb-libffi-3.4.4-dev/lib -L/nix/store/v9wr77b5vs26gzihsxmgcdqh64mjn4a4-ncurses-6.4-dev/lib -L/nix/store/b84pwfid2md322vws93q6ldn0xjhcx3q-readline-8.2p1-dev/lib -L/nix/store/x70grpmxpdwm4nhq9azsdx2xp4s2ll89-zlib-1.2.13-dev/lib -L/nix/store/khxrrwysfwmwjisnjg04x544kvr4993c-openssl-3.0.9-dev/lib -L/nix/store/vn8l68qq7im0dsibxxi2wqgf4vy7j1fl-gdbm-1.23/lib -L/nix/store/5wwax0fqsbvqd7dkfdak9rq4f2jckjrx-libyaml-0.2.5-dev/lib -L/nix/store/667wm1rg7m6pnwlpwakgvvp2xyj04ay3-libiconv-50/lib -L/nix/store/yfpdl0fvyzfy0zbkvnxf3m074apb364j-libobjc-11.0.0/lib -L/nix/store/eeeeeeeeeeeeeeeeeeeeeeeeeeeeeeee-clang-wrapper-11.1.0/resource-root/lib -L/nix/store/s90lrx3nrrsi711pia76c4x5rh3agww7-libSystem-11.0.0/lib     -lruby-3.1.4   "
ld: warning: directory not found for option '-L/nix/store/eeeeeeeeeeeeeeeeeeeeeeeeeeeeeeee-clang-wrapper-11.1.0/resource-root/lib'
checked program was:
/* begin */
1: #include "ruby.h"
2: 
3: int main(int argc, char **argv)
4: {
5:   return !!argv[argc];
6: }
/* end */

DYLD_FALLBACK_LIBRARY_PATH=.:/nix/store/a2kxsrdnn6927wg8ycmdnx437ck90bil-ruby-3.1.4/lib "clang -o conftest -I/nix/store/a2kxsrdnn6927wg8ycmdnx437ck90bil-ruby-3.1.4/include/ruby-3.1.0/arm64-darwin22 -I/nix/store/a2kxsrdnn6927wg8ycmdnx437ck90bil-ruby-3.1.4/include/ruby-3.1.0/ruby/backward -I/nix/store/a2kxsrdnn6927wg8ycmdnx437ck90bil-ruby-3.1.4/include/ruby-3.1.0 -I. -D_XOPEN_SOURCE -D_DARWIN_C_SOURCE -D_DARWIN_UNLIMITED_SELECT -D_REENTRANT   -fdeclspec -O3 -fno-fast-math -ggdb3 -Wall -Wextra -Wdeprecated-declarations -Wdivision-by-zero -Wimplicit-function-declaration -Wimplicit-int -Wmisleading-indentation -Wpointer-arith -Wshorten-64-to-32 -Wwrite-strings -Wold-style-definition -Wmissing-noreturn -Wno-constant-logical-operand -Wno-long-long -Wno-missing-field-initializers -Wno-overlength-strings -Wno-parentheses-equality -Wno-self-assign -Wno-tautological-compare -Wno-unused-parameter -Wno-unused-value -Wunused-variable -Wextra-tokens -Wundef  -fno-common -pipe conftest.c  -L. -L/nix/store/a2kxsrdnn6927wg8ycmdnx437ck90bil-ruby-3.1.4/lib -L. -fstack-protector-strong -L/nix/store/4ab7j0xym2w515ggmv1dcxwqc6aa75zb-libffi-3.4.4-dev/lib -L/nix/store/v9wr77b5vs26gzihsxmgcdqh64mjn4a4-ncurses-6.4-dev/lib -L/nix/store/b84pwfid2md322vws93q6ldn0xjhcx3q-readline-8.2p1-dev/lib -L/nix/store/x70grpmxpdwm4nhq9azsdx2xp4s2ll89-zlib-1.2.13-dev/lib -L/nix/store/khxrrwysfwmwjisnjg04x544kvr4993c-openssl-3.0.9-dev/lib -L/nix/store/vn8l68qq7im0dsibxxi2wqgf4vy7j1fl-gdbm-1.23/lib -L/nix/store/5wwax0fqsbvqd7dkfdak9rq4f2jckjrx-libyaml-0.2.5-dev/lib -L/nix/store/667wm1rg7m6pnwlpwakgvvp2xyj04ay3-libiconv-50/lib -L/nix/store/yfpdl0fvyzfy0zbkvnxf3m074apb364j-libobjc-11.0.0/lib -L/nix/store/eeeeeeeeeeeeeeeeeeeeeeeeeeeeeeee-clang-wrapper-11.1.0/resource-root/lib -L/nix/store/s90lrx3nrrsi711pia76c4x5rh3agww7-libSystem-11.0.0/lib     -lruby-3.1.4   "
conftest.c:16:57: error: use of undeclared identifier 'rb_enc_raise'
int t(void) { void ((*volatile p)()); p = (void ((*)()))rb_enc_raise; return !p; }
                                                        ^
1 error generated.
checked program was:
/* begin */
 1: #include "ruby.h"
 2: 
 3: #include <ruby.h>
 4: 
 5: /*top*/
 6: extern int t(void);
 7: int main(int argc, char **argv)
 8: {
 9:   if (argc > 1000000) {
10:     int (* volatile tp)(void)=(int (*)(void))&t;
11:     printf("%d", (*tp)());
12:   }
13: 
14:   return !!argv[argc];
15: }
16: int t(void) { void ((*volatile p)()); p = (void ((*)()))rb_enc_raise; return !p; }
/* end */

DYLD_FALLBACK_LIBRARY_PATH=.:/nix/store/a2kxsrdnn6927wg8ycmdnx437ck90bil-ruby-3.1.4/lib "clang -o conftest -I/nix/store/a2kxsrdnn6927wg8ycmdnx437ck90bil-ruby-3.1.4/include/ruby-3.1.0/arm64-darwin22 -I/nix/store/a2kxsrdnn6927wg8ycmdnx437ck90bil-ruby-3.1.4/include/ruby-3.1.0/ruby/backward -I/nix/store/a2kxsrdnn6927wg8ycmdnx437ck90bil-ruby-3.1.4/include/ruby-3.1.0 -I. -D_XOPEN_SOURCE -D_DARWIN_C_SOURCE -D_DARWIN_UNLIMITED_SELECT -D_REENTRANT   -fdeclspec -O3 -fno-fast-math -ggdb3 -Wall -Wextra -Wdeprecated-declarations -Wdivision-by-zero -Wimplicit-function-declaration -Wimplicit-int -Wmisleading-indentation -Wpointer-arith -Wshorten-64-to-32 -Wwrite-strings -Wold-style-definition -Wmissing-noreturn -Wno-constant-logical-operand -Wno-long-long -Wno-missing-field-initializers -Wno-overlength-strings -Wno-parentheses-equality -Wno-self-assign -Wno-tautological-compare -Wno-unused-parameter -Wno-unused-value -Wunused-variable -Wextra-tokens -Wundef  -fno-common -pipe conftest.c  -L. -L/nix/store/a2kxsrdnn6927wg8ycmdnx437ck90bil-ruby-3.1.4/lib -L. -fstack-protector-strong -L/nix/store/4ab7j0xym2w515ggmv1dcxwqc6aa75zb-libffi-3.4.4-dev/lib -L/nix/store/v9wr77b5vs26gzihsxmgcdqh64mjn4a4-ncurses-6.4-dev/lib -L/nix/store/b84pwfid2md322vws93q6ldn0xjhcx3q-readline-8.2p1-dev/lib -L/nix/store/x70grpmxpdwm4nhq9azsdx2xp4s2ll89-zlib-1.2.13-dev/lib -L/nix/store/khxrrwysfwmwjisnjg04x544kvr4993c-openssl-3.0.9-dev/lib -L/nix/store/vn8l68qq7im0dsibxxi2wqgf4vy7j1fl-gdbm-1.23/lib -L/nix/store/5wwax0fqsbvqd7dkfdak9rq4f2jckjrx-libyaml-0.2.5-dev/lib -L/nix/store/667wm1rg7m6pnwlpwakgvvp2xyj04ay3-libiconv-50/lib -L/nix/store/yfpdl0fvyzfy0zbkvnxf3m074apb364j-libobjc-11.0.0/lib -L/nix/store/eeeeeeeeeeeeeeeeeeeeeeeeeeeeeeee-clang-wrapper-11.1.0/resource-root/lib -L/nix/store/s90lrx3nrrsi711pia76c4x5rh3agww7-libSystem-11.0.0/lib     -lruby-3.1.4   "
ld: warning: directory not found for option '-L/nix/store/eeeeeeeeeeeeeeeeeeeeeeeeeeeeeeee-clang-wrapper-11.1.0/resource-root/lib'
checked program was:
/* begin */
 1: #include "ruby.h"
 2: 
 3: #include <ruby.h>
 4: 
 5: /*top*/
 6: extern int t(void);
 7: int main(int argc, char **argv)
 8: {
 9:   if (argc > 1000000) {
10:     int (* volatile tp)(void)=(int (*)(void))&t;
11:     printf("%d", (*tp)());
12:   }
13: 
14:   return !!argv[argc];
15: }
16: extern void rb_enc_raise();
17: int t(void) { rb_enc_raise(); return 0; }
/* end */

--------------------

have_func: checking for rb_enc_interned_str() in ruby.h... -------------------- yes

DYLD_FALLBACK_LIBRARY_PATH=.:/nix/store/a2kxsrdnn6927wg8ycmdnx437ck90bil-ruby-3.1.4/lib "clang -o conftest -I/nix/store/a2kxsrdnn6927wg8ycmdnx437ck90bil-ruby-3.1.4/include/ruby-3.1.0/arm64-darwin22 -I/nix/store/a2kxsrdnn6927wg8ycmdnx437ck90bil-ruby-3.1.4/include/ruby-3.1.0/ruby/backward -I/nix/store/a2kxsrdnn6927wg8ycmdnx437ck90bil-ruby-3.1.4/include/ruby-3.1.0 -I. -D_XOPEN_SOURCE -D_DARWIN_C_SOURCE -D_DARWIN_UNLIMITED_SELECT -D_REENTRANT   -fdeclspec -O3 -fno-fast-math -ggdb3 -Wall -Wextra -Wdeprecated-declarations -Wdivision-by-zero -Wimplicit-function-declaration -Wimplicit-int -Wmisleading-indentation -Wpointer-arith -Wshorten-64-to-32 -Wwrite-strings -Wold-style-definition -Wmissing-noreturn -Wno-constant-logical-operand -Wno-long-long -Wno-missing-field-initializers -Wno-overlength-strings -Wno-parentheses-equality -Wno-self-assign -Wno-tautological-compare -Wno-unused-parameter -Wno-unused-value -Wunused-variable -Wextra-tokens -Wundef  -fno-common -pipe conftest.c  -L. -L/nix/store/a2kxsrdnn6927wg8ycmdnx437ck90bil-ruby-3.1.4/lib -L. -fstack-protector-strong -L/nix/store/4ab7j0xym2w515ggmv1dcxwqc6aa75zb-libffi-3.4.4-dev/lib -L/nix/store/v9wr77b5vs26gzihsxmgcdqh64mjn4a4-ncurses-6.4-dev/lib -L/nix/store/b84pwfid2md322vws93q6ldn0xjhcx3q-readline-8.2p1-dev/lib -L/nix/store/x70grpmxpdwm4nhq9azsdx2xp4s2ll89-zlib-1.2.13-dev/lib -L/nix/store/khxrrwysfwmwjisnjg04x544kvr4993c-openssl-3.0.9-dev/lib -L/nix/store/vn8l68qq7im0dsibxxi2wqgf4vy7j1fl-gdbm-1.23/lib -L/nix/store/5wwax0fqsbvqd7dkfdak9rq4f2jckjrx-libyaml-0.2.5-dev/lib -L/nix/store/667wm1rg7m6pnwlpwakgvvp2xyj04ay3-libiconv-50/lib -L/nix/store/yfpdl0fvyzfy0zbkvnxf3m074apb364j-libobjc-11.0.0/lib -L/nix/store/eeeeeeeeeeeeeeeeeeeeeeeeeeeeeeee-clang-wrapper-11.1.0/resource-root/lib -L/nix/store/s90lrx3nrrsi711pia76c4x5rh3agww7-libSystem-11.0.0/lib     -lruby-3.1.4   "
conftest.c:16:57: error: use of undeclared identifier 'rb_enc_interned_str'
int t(void) { void ((*volatile p)()); p = (void ((*)()))rb_enc_interned_str; return !p; }
                                                        ^
1 error generated.
checked program was:
/* begin */
 1: #include "ruby.h"
 2: 
 3: #include <ruby.h>
 4: 
 5: /*top*/
 6: extern int t(void);
 7: int main(int argc, char **argv)
 8: {
 9:   if (argc > 1000000) {
10:     int (* volatile tp)(void)=(int (*)(void))&t;
11:     printf("%d", (*tp)());
12:   }
13: 
14:   return !!argv[argc];
15: }
16: int t(void) { void ((*volatile p)()); p = (void ((*)()))rb_enc_interned_str; return !p; }
/* end */

DYLD_FALLBACK_LIBRARY_PATH=.:/nix/store/a2kxsrdnn6927wg8ycmdnx437ck90bil-ruby-3.1.4/lib "clang -o conftest -I/nix/store/a2kxsrdnn6927wg8ycmdnx437ck90bil-ruby-3.1.4/include/ruby-3.1.0/arm64-darwin22 -I/nix/store/a2kxsrdnn6927wg8ycmdnx437ck90bil-ruby-3.1.4/include/ruby-3.1.0/ruby/backward -I/nix/store/a2kxsrdnn6927wg8ycmdnx437ck90bil-ruby-3.1.4/include/ruby-3.1.0 -I. -D_XOPEN_SOURCE -D_DARWIN_C_SOURCE -D_DARWIN_UNLIMITED_SELECT -D_REENTRANT   -fdeclspec -O3 -fno-fast-math -ggdb3 -Wall -Wextra -Wdeprecated-declarations -Wdivision-by-zero -Wimplicit-function-declaration -Wimplicit-int -Wmisleading-indentation -Wpointer-arith -Wshorten-64-to-32 -Wwrite-strings -Wold-style-definition -Wmissing-noreturn -Wno-constant-logical-operand -Wno-long-long -Wno-missing-field-initializers -Wno-overlength-strings -Wno-parentheses-equality -Wno-self-assign -Wno-tautological-compare -Wno-unused-parameter -Wno-unused-value -Wunused-variable -Wextra-tokens -Wundef  -fno-common -pipe conftest.c  -L. -L/nix/store/a2kxsrdnn6927wg8ycmdnx437ck90bil-ruby-3.1.4/lib -L. -fstack-protector-strong -L/nix/store/4ab7j0xym2w515ggmv1dcxwqc6aa75zb-libffi-3.4.4-dev/lib -L/nix/store/v9wr77b5vs26gzihsxmgcdqh64mjn4a4-ncurses-6.4-dev/lib -L/nix/store/b84pwfid2md322vws93q6ldn0xjhcx3q-readline-8.2p1-dev/lib -L/nix/store/x70grpmxpdwm4nhq9azsdx2xp4s2ll89-zlib-1.2.13-dev/lib -L/nix/store/khxrrwysfwmwjisnjg04x544kvr4993c-openssl-3.0.9-dev/lib -L/nix/store/vn8l68qq7im0dsibxxi2wqgf4vy7j1fl-gdbm-1.23/lib -L/nix/store/5wwax0fqsbvqd7dkfdak9rq4f2jckjrx-libyaml-0.2.5-dev/lib -L/nix/store/667wm1rg7m6pnwlpwakgvvp2xyj04ay3-libiconv-50/lib -L/nix/store/yfpdl0fvyzfy0zbkvnxf3m074apb364j-libobjc-11.0.0/lib -L/nix/store/eeeeeeeeeeeeeeeeeeeeeeeeeeeeeeee-clang-wrapper-11.1.0/resource-root/lib -L/nix/store/s90lrx3nrrsi711pia76c4x5rh3agww7-libSystem-11.0.0/lib     -lruby-3.1.4   "
ld: warning: directory not found for option '-L/nix/store/eeeeeeeeeeeeeeeeeeeeeeeeeeeeeeee-clang-wrapper-11.1.0/resource-root/lib'
checked program was:
/* begin */
 1: #include "ruby.h"
 2: 
 3: #include <ruby.h>
 4: 
 5: /*top*/
 6: extern int t(void);
 7: int main(int argc, char **argv)
 8: {
 9:   if (argc > 1000000) {
10:     int (* volatile tp)(void)=(int (*)(void))&t;
11:     printf("%d", (*tp)());
12:   }
13: 
14:   return !!argv[argc];
15: }
16: extern void rb_enc_interned_str();
17: int t(void) { rb_enc_interned_str(); return 0; }
/* end */

--------------------

